2026-03-27 05:08:32  INFO      main — ══════════════════════════════════════════════════════════════
2026-03-27 05:08:32  INFO      main — RSS News Fetcher — starting run
2026-03-27 05:08:32  INFO      main — Outputs:  JSON=True   CSV=True 
2026-03-27 05:08:32  INFO      main — Log file: data/2026-03-27/run_10-38-32.log
2026-03-27 05:08:32  INFO      main — ══════════════════════════════════════════════════════════════
2026-03-27 05:08:32  INFO      main — Source validation passed.
2026-03-27 05:08:33  INFO      main — Loaded 134 articles from data/2026-03-27/incremental_10-03-44.json
2026-03-27 05:08:33  INFO      main — Loaded 131 articles from data/2026-03-27/incremental_10-33-18.json
2026-03-27 05:08:33  INFO      src.fetcher — IST window: 2026-03-26T00:00:00+05:30 → 2026-03-27T04:00:00+05:30
2026-03-27 05:08:33  INFO      src.fetcher — Fetching 8 RSS source(s)…
2026-03-27 05:08:33  WARNING   src.fetcher — Feed download failed [PIB | Government]: 403 Client Error: Forbidden for url: https://www.pib.gov.in/RssMain.aspx?ModId=6&Lang=1&Regid=3&reg=3
2026-03-27 05:08:34  WARNING   src.fetcher — Feed download failed [Rajya Sabha | Parliament]: 404 Client Error: Not Found for url: https://sansad.in/rs/rss/rss.xml
2026-03-27 05:08:35  INFO      src.fetcher —   ✓ [The Hindu | National] 41 articles  (window=19  lang=0  unsafe=0  inject=0)
2026-03-27 05:08:35  INFO      src.fetcher —   ✓ [The Hindu | International] 36 articles  (window=24  lang=0  unsafe=0  inject=0)
2026-03-27 05:08:35  INFO      src.fetcher —   ✓ [The Hindu | Editorial] 4 articles  (window=56  lang=0  unsafe=0  inject=0)
2026-03-27 05:08:35  INFO      src.fetcher —   ✓ [The Hindu | Science] 7 articles  (window=53  lang=0  unsafe=0  inject=0)
2026-03-27 05:08:35  INFO      src.fetcher —   ✓ [Indian Express | National] 40 articles  (window=160  lang=0  unsafe=0  inject=0)
2026-03-27 05:08:35  INFO      src.fetcher —   ✓ [Indian Express | Editorial] 6 articles  (window=194  lang=0  unsafe=0  inject=0)
2026-03-27 05:08:35  INFO      src.fetcher — Fetch complete — 131 unique articles, 0 feed(s) failed.
2026-03-27 05:08:35  INFO      main — Combined 265 incremental + 131 fresh = 396 total articles
2026-03-27 05:08:35  INFO      main — After deduplication: 134 unique articles
2026-03-27 05:08:35  INFO      src.date_resolver — All 134 articles have RSS dates — no page-date extraction needed.
2026-03-27 05:08:35  INFO      src.date_resolver — Window re-filter: kept=134  removed=0  unknown-date retained=0
2026-03-27 05:08:35  INFO      main — Step 1 complete: 134 articles (0 removed outside window)
2026-03-27 05:08:35  INFO      src.extractor — Extracting full text: 134 articles (0 cached HTML, 134 fresh downloads)
2026-03-27 05:08:36  INFO      src.extractor —   Extraction 25/134 — ok=23  fallback=2
2026-03-27 05:08:36  INFO      src.extractor —   Extraction 50/134 — ok=48  fallback=2
2026-03-27 05:08:37  INFO      src.extractor —   Extraction 75/134 — ok=72  fallback=3
2026-03-27 05:08:38  INFO      src.extractor —   Extraction 100/134 — ok=97  fallback=3
2026-03-27 05:08:39  INFO      src.extractor —   Extraction 125/134 — ok=122  fallback=3
2026-03-27 05:08:39  INFO      src.extractor —   Extraction 134/134 — ok=131  fallback=3
2026-03-27 05:08:39  INFO      src.extractor — Extraction complete — ok: 131  fallback to summary: 3
2026-03-27 05:08:39  INFO      main — Step 2 complete: full-text extraction done
2026-03-27 05:08:39  INFO      src.storage — JSON → data/2026-03-27/articles_10-38-39.json  (549.2 KB)
2026-03-27 05:08:39  INFO      src.storage — CSV  → data/2026-03-27/articles_10-38-39.csv  (300.0 KB)
2026-03-27 05:08:39  INFO      src.storage — Manifest → data/2026-03-27/manifest_10-38-39.json
2026-03-27 05:08:39  INFO      main — ══════════════════════════════════════════════════════════════
2026-03-27 05:08:39  INFO      main — Run complete in 6.5 s — 134 articles saved.
2026-03-27 05:08:39  INFO      main —   JSON       → data/2026-03-27/articles_10-38-39.json
2026-03-27 05:08:39  INFO      main —   CSV        → data/2026-03-27/articles_10-38-39.csv
2026-03-27 05:08:39  INFO      main —   MANIFEST   → data/2026-03-27/manifest_10-38-39.json
2026-03-27 05:08:39  INFO      main — ══════════════════════════════════════════════════════════════
