2026-03-27 04:34:49  INFO      main — ══════════════════════════════════════════════════════════════
2026-03-27 04:34:49  INFO      main — RSS News Fetcher — starting run
2026-03-27 04:34:49  INFO      main — Outputs:  JSON=True   CSV=True 
2026-03-27 04:34:49  INFO      main — Log file: data/2026-03-27/run_10-04-49.log
2026-03-27 04:34:49  INFO      main — ══════════════════════════════════════════════════════════════
2026-03-27 04:34:49  INFO      main — Source validation passed.
2026-03-27 04:34:49  INFO      main — Loaded 134 articles from data/2026-03-27/incremental_10-03-44.json
2026-03-27 04:34:49  INFO      src.fetcher — IST window: 2026-03-26T00:00:00+05:30 → 2026-03-27T04:00:00+05:30
2026-03-27 04:34:49  INFO      src.fetcher — Fetching 8 RSS source(s)…
2026-03-27 04:34:50  WARNING   src.fetcher — Feed download failed [PIB | Government]: 403 Client Error: Forbidden for url: https://www.pib.gov.in/RssMain.aspx?ModId=6&Lang=1&Regid=3&reg=3
2026-03-27 04:34:51  WARNING   src.fetcher — Feed download failed [Rajya Sabha | Parliament]: 404 Client Error: Not Found for url: https://sansad.in/rs/rss/rss.xml
2026-03-27 04:34:51  INFO      src.fetcher —   ✓ [The Hindu | National] 43 articles  (window=17  lang=0  unsafe=0  inject=0)
2026-03-27 04:34:52  INFO      src.fetcher —   ✓ [The Hindu | International] 36 articles  (window=24  lang=0  unsafe=0  inject=0)
2026-03-27 04:34:52  INFO      src.fetcher —   ✓ [The Hindu | Editorial] 4 articles  (window=56  lang=0  unsafe=0  inject=0)
2026-03-27 04:34:52  INFO      src.fetcher —   ✓ [The Hindu | Science] 7 articles  (window=53  lang=0  unsafe=0  inject=0)
2026-03-27 04:34:53  INFO      src.fetcher —   ✓ [Indian Express | National] 40 articles  (window=160  lang=0  unsafe=0  inject=0)
2026-03-27 04:34:53  INFO      src.fetcher —   ✓ [Indian Express | Editorial] 6 articles  (window=194  lang=0  unsafe=0  inject=0)
2026-03-27 04:34:53  INFO      src.fetcher — Fetch complete — 133 unique articles, 0 feed(s) failed.
2026-03-27 04:34:53  INFO      main — Combined 134 incremental + 133 fresh = 267 total articles
2026-03-27 04:34:53  INFO      main — After deduplication: 134 unique articles
2026-03-27 04:34:53  INFO      src.date_resolver — All 134 articles have RSS dates — no page-date extraction needed.
2026-03-27 04:34:53  INFO      src.date_resolver — Window re-filter: kept=134  removed=0  unknown-date retained=0
2026-03-27 04:34:53  INFO      main — Step 1 complete: 134 articles (0 removed outside window)
2026-03-27 04:34:53  INFO      src.extractor — Extracting full text: 134 articles (0 cached HTML, 134 fresh downloads)
2026-03-27 04:34:55  INFO      src.extractor —   Extraction 25/134 — ok=25  fallback=0
2026-03-27 04:34:56  INFO      src.extractor —   Extraction 50/134 — ok=49  fallback=1
2026-03-27 04:34:57  INFO      src.extractor —   Extraction 75/134 — ok=73  fallback=2
2026-03-27 04:34:58  INFO      src.extractor —   Extraction 100/134 — ok=98  fallback=2
2026-03-27 04:34:59  INFO      src.extractor —   Extraction 125/134 — ok=123  fallback=2
2026-03-27 04:35:00  INFO      src.extractor —   Extraction 134/134 — ok=132  fallback=2
2026-03-27 04:35:00  INFO      src.extractor — Extraction complete — ok: 132  fallback to summary: 2
2026-03-27 04:35:00  INFO      main — Step 2 complete: full-text extraction done
2026-03-27 04:35:00  INFO      src.storage — JSON → data/2026-03-27/articles_10-05-00.json  (548.0 KB)
2026-03-27 04:35:00  INFO      src.storage — CSV  → data/2026-03-27/articles_10-05-00.csv  (300.2 KB)
2026-03-27 04:35:00  INFO      src.storage — Manifest → data/2026-03-27/manifest_10-05-00.json
2026-03-27 04:35:00  INFO      main — ══════════════════════════════════════════════════════════════
2026-03-27 04:35:00  INFO      main — Run complete in 10.4 s — 134 articles saved.
2026-03-27 04:35:00  INFO      main —   JSON       → data/2026-03-27/articles_10-05-00.json
2026-03-27 04:35:00  INFO      main —   CSV        → data/2026-03-27/articles_10-05-00.csv
2026-03-27 04:35:00  INFO      main —   MANIFEST   → data/2026-03-27/manifest_10-05-00.json
2026-03-27 04:35:00  INFO      main — ══════════════════════════════════════════════════════════════
