2026-03-27 21:24:35  INFO      main — ══════════════════════════════════════════════════════════════
2026-03-27 21:24:35  INFO      main — RSS News Fetcher — starting run
2026-03-27 21:24:35  INFO      main — Outputs:  JSON=True   CSV=True 
2026-03-27 21:24:35  INFO      main — Log file: data/2026-03-28/run_02-54-35.log
2026-03-27 21:24:35  INFO      main — ══════════════════════════════════════════════════════════════
2026-03-27 21:24:35  INFO      main — Source validation passed.
2026-03-27 21:24:36  INFO      main — Loaded 135 articles from data/2026-03-28/incremental_00-16-01.json
2026-03-27 21:24:36  INFO      main — Loaded 139 articles from data/2026-03-28/incremental_02-00-20.json
2026-03-27 21:24:36  INFO      main — Loaded 90 articles from data/2026-03-27/incremental_16-10-23.json
2026-03-27 21:24:36  INFO      main — Loaded 102 articles from data/2026-03-27/incremental_12-29-13.json
2026-03-27 21:24:36  INFO      main — Loaded 84 articles from data/2026-03-27/incremental_22-14-43.json
2026-03-27 21:24:36  INFO      main — Loaded 90 articles from data/2026-03-27/incremental_18-15-10.json
2026-03-27 21:24:36  INFO      main — Loaded 86 articles from data/2026-03-27/incremental_20-14-21.json
2026-03-27 21:24:36  INFO      main — Loaded 134 articles from data/2026-03-27/incremental_10-03-44.json
2026-03-27 21:24:36  INFO      main — Loaded 131 articles from data/2026-03-27/incremental_10-33-18.json
2026-03-27 21:24:36  INFO      main — Loaded 91 articles from data/2026-03-27/incremental_14-12-32.json
2026-03-27 21:24:36  INFO      src.fetcher — IST window: 2026-03-27T00:00:00+05:30 → 2026-03-28T04:00:00+05:30
2026-03-27 21:24:36  INFO      src.fetcher — Fetching 8 RSS source(s)…
2026-03-27 21:24:36  WARNING   src.fetcher — Feed download failed [PIB | Government]: 403 Client Error: Forbidden for url: https://www.pib.gov.in/RssMain.aspx?ModId=6&Lang=1&Regid=3&reg=3
2026-03-27 21:24:37  WARNING   src.fetcher — Feed download failed [Rajya Sabha | Parliament]: 404 Client Error: Not Found for url: https://sansad.in/rs/rss/rss.xml
2026-03-27 21:24:38  INFO      src.fetcher —   ✓ [The Hindu | National] 60 articles  (window=0  lang=0  unsafe=0  inject=0)
2026-03-27 21:24:38  WARNING   src.fetcher — Injection detected, skipping: Prompt injection pattern detected in 'title': 'Twelve killed in twin Bangladesh jailbreaks' (matched 'jailbreak')
2026-03-27 21:24:38  INFO      src.fetcher —   ✓ [The Hindu | International] 36 articles  (window=23  lang=0  unsafe=0  inject=1)
2026-03-27 21:24:39  INFO      src.fetcher —   ✓ [The Hindu | Editorial] 4 articles  (window=56  lang=0  unsafe=0  inject=0)
2026-03-27 21:24:39  INFO      src.fetcher —   ✓ [The Hindu | Science] 3 articles  (window=57  lang=0  unsafe=0  inject=0)
2026-03-27 21:24:39  INFO      src.fetcher —   ✓ [Indian Express | National] 34 articles  (window=166  lang=0  unsafe=0  inject=0)
2026-03-27 21:24:39  INFO      src.fetcher —   ✓ [Indian Express | Editorial] 3 articles  (window=197  lang=0  unsafe=0  inject=0)
2026-03-27 21:24:39  INFO      src.fetcher — Fetch complete — 139 unique articles, 0 feed(s) failed.
2026-03-27 21:24:39  INFO      main — Combined 1082 incremental + 139 fresh = 1221 total articles
2026-03-27 21:24:39  INFO      main — After deduplication: 287 unique articles
2026-03-27 21:24:39  INFO      src.date_resolver — All 287 articles have RSS dates — no page-date extraction needed.
2026-03-27 21:24:39  INFO      src.date_resolver — Window re-filter: kept=202  removed=85  unknown-date retained=0
2026-03-27 21:24:39  INFO      main — Step 1 complete: 202 articles (85 removed outside window)
2026-03-27 21:24:39  INFO      src.extractor — Extracting full text: 202 articles (0 cached HTML, 202 fresh downloads)
2026-03-27 21:24:41  INFO      src.extractor —   Extraction 25/202 — ok=23  fallback=2
2026-03-27 21:24:42  INFO      src.extractor —   Extraction 50/202 — ok=48  fallback=2
2026-03-27 21:24:43  INFO      src.extractor —   Extraction 75/202 — ok=72  fallback=3
2026-03-27 21:24:44  INFO      src.extractor —   Extraction 100/202 — ok=97  fallback=3
2026-03-27 21:24:46  INFO      src.extractor —   Extraction 125/202 — ok=122  fallback=3
2026-03-27 21:24:47  INFO      src.extractor —   Extraction 150/202 — ok=147  fallback=3
2026-03-27 21:24:47  INFO      src.extractor —   Extraction 175/202 — ok=172  fallback=3
2026-03-27 21:24:48  INFO      src.extractor —   Extraction 200/202 — ok=196  fallback=4
2026-03-27 21:24:48  INFO      src.extractor —   Extraction 202/202 — ok=198  fallback=4
2026-03-27 21:24:48  INFO      src.extractor — Extraction complete — ok: 198  fallback to summary: 4
2026-03-27 21:24:48  INFO      main — Step 2 complete: full-text extraction done
2026-03-27 21:24:48  INFO      src.storage — JSON → data/2026-03-28/articles_02-54-48.json  (737.2 KB)
2026-03-27 21:24:48  INFO      src.storage — CSV  → data/2026-03-28/articles_02-54-48.csv  (432.1 KB)
2026-03-27 21:24:48  INFO      src.storage — Manifest → data/2026-03-28/manifest_02-54-48.json
2026-03-27 21:24:48  INFO      main — ══════════════════════════════════════════════════════════════
2026-03-27 21:24:48  INFO      main — Run complete in 12.4 s — 202 articles saved.
2026-03-27 21:24:48  INFO      main —   JSON       → data/2026-03-28/articles_02-54-48.json
2026-03-27 21:24:48  INFO      main —   CSV        → data/2026-03-28/articles_02-54-48.csv
2026-03-27 21:24:48  INFO      main —   MANIFEST   → data/2026-03-28/manifest_02-54-48.json
2026-03-27 21:24:48  INFO      main — ══════════════════════════════════════════════════════════════
